CRITICAL - 2026-02-10 05:59:39 --> CodeIgniter\View\Exceptions\ViewException: Invalid file: ".php"
in SYSTEMPATH/Exceptions/FrameworkException.php on line 39.
 1 SYSTEMPATH/View/View.php(216): CodeIgniter\Exceptions\FrameworkException::forInvalidFile()
 2 SYSTEMPATH/Common.php(1178): CodeIgniter\View\View->render()
 3 APPPATH/Controllers/ServiceController.php(107): view()
 4 SYSTEMPATH/CodeIgniter.php(943): App\Controllers\ServiceController->details()
 5 SYSTEMPATH/CodeIgniter.php(503): CodeIgniter\CodeIgniter->runController()
 6 SYSTEMPATH/CodeIgniter.php(361): CodeIgniter\CodeIgniter->handleRequest()
 7 FCPATH/index.php(79): CodeIgniter\CodeIgniter->run()
INFO - 2026-02-10 05:59:44 --> Session: Class initialized using 'CodeIgniter\Session\Handlers\FileHandler' driver.
INFO - 2026-02-10 05:59:49 --> Session: Class initialized using 'CodeIgniter\Session\Handlers\FileHandler' driver.
INFO - 2026-02-10 05:59:49 --> Session: Class initialized using 'CodeIgniter\Session\Handlers\FileHandler' driver.
WARNING - 2026-02-10 05:59:49 --> [DEPRECATED] str_replace(): Passing null to parameter #3 ($subject) of type array|string is deprecated in APPPATH/Views/template/layout/main.php on line 369.
 1 APPPATH/Views/template/layout/main.php(369): str_replace('_', ' ', null)
 2 SYSTEMPATH/View/View.php(228): include('/home/u473669689/domains/jointfactory.org/public_html/2026/app/Views/template/layout/main.php')
 3 SYSTEMPATH/View/View.php(231): CodeIgniter\View\View->CodeIgniter\View\{closure}()
 4 SYSTEMPATH/View/View.php(244): CodeIgniter\View\View->render('template/layout/main', [], true)
 5 SYSTEMPATH/Common.php(1178): CodeIgniter\View\View->render('admin/dashboard', [], true)
 6 APPPATH/Controllers/admin/AuthController.php(37): view('admin/dashboard', [...])
 7 SYSTEMPATH/CodeIgniter.php(943): App\Controllers\admin\AuthController->login()
 8 SYSTEMPATH/CodeIgniter.php(503): CodeIgniter\CodeIgniter->runController(Object(App\Controllers\admin\AuthController))
 9 SYSTEMPATH/CodeIgniter.php(361): CodeIgniter\CodeIgniter->handleRequest(null, Object(Config\Cache), false)
10 FCPATH/index.php(79): CodeIgniter\CodeIgniter->run()
INFO - 2026-02-10 05:59:57 --> Session: Class initialized using 'CodeIgniter\Session\Handlers\FileHandler' driver.
INFO - 2026-02-10 05:59:58 --> Session: Class initialized using 'CodeIgniter\Session\Handlers\FileHandler' driver.
WARNING - 2026-02-10 05:59:58 --> [DEPRECATED] str_replace(): Passing null to parameter #3 ($subject) of type array|string is deprecated in APPPATH/Views/template/layout/main.php on line 369.
 1 APPPATH/Views/template/layout/main.php(369): str_replace('_', ' ', null)
 2 SYSTEMPATH/View/View.php(228): include('/home/u473669689/domains/jointfactory.org/public_html/2026/app/Views/template/layout/main.php')
 3 SYSTEMPATH/View/View.php(231): CodeIgniter\View\View->CodeIgniter\View\{closure}()
 4 SYSTEMPATH/View/View.php(244): CodeIgniter\View\View->render('template/layout/main', [], true)
 5 SYSTEMPATH/Common.php(1178): CodeIgniter\View\View->render('admin/services/index', [], true)
 6 APPPATH/Controllers/admin/ServiceController.php(35): view('admin/services/index', [...])
 7 SYSTEMPATH/CodeIgniter.php(943): App\Controllers\admin\ServiceController->index()
 8 SYSTEMPATH/CodeIgniter.php(503): CodeIgniter\CodeIgniter->runController(Object(App\Controllers\admin\ServiceController))
 9 SYSTEMPATH/CodeIgniter.php(361): CodeIgniter\CodeIgniter->handleRequest(null, Object(Config\Cache), false)
10 FCPATH/index.php(79): CodeIgniter\CodeIgniter->run()
INFO - 2026-02-10 05:59:58 --> Session: Class initialized using 'CodeIgniter\Session\Handlers\FileHandler' driver.
INFO - 2026-02-10 06:00:00 --> Session: Class initialized using 'CodeIgniter\Session\Handlers\FileHandler' driver.
INFO - 2026-02-10 06:00:01 --> Session: Class initialized using 'CodeIgniter\Session\Handlers\FileHandler' driver.
WARNING - 2026-02-10 06:00:01 --> [DEPRECATED] str_replace(): Passing null to parameter #3 ($subject) of type array|string is deprecated in APPPATH/Views/template/layout/main.php on line 369.
 1 APPPATH/Views/template/layout/main.php(369): str_replace('_', ' ', null)
 2 SYSTEMPATH/View/View.php(228): include('/home/u473669689/domains/jointfactory.org/public_html/2026/app/Views/template/layout/main.php')
 3 SYSTEMPATH/View/View.php(231): CodeIgniter\View\View->CodeIgniter\View\{closure}()
 4 SYSTEMPATH/View/View.php(244): CodeIgniter\View\View->render('template/layout/main', [], true)
 5 SYSTEMPATH/Common.php(1178): CodeIgniter\View\View->render('admin/dashboard', [], true)
 6 APPPATH/Controllers/admin/AuthController.php(37): view('admin/dashboard', [...])
 7 SYSTEMPATH/CodeIgniter.php(943): App\Controllers\admin\AuthController->login()
 8 SYSTEMPATH/CodeIgniter.php(503): CodeIgniter\CodeIgniter->runController(Object(App\Controllers\admin\AuthController))
 9 SYSTEMPATH/CodeIgniter.php(361): CodeIgniter\CodeIgniter->handleRequest(null, Object(Config\Cache), false)
10 FCPATH/index.php(79): CodeIgniter\CodeIgniter->run()
INFO - 2026-02-10 06:00:24 --> Session: Class initialized using 'CodeIgniter\Session\Handlers\FileHandler' driver.
WARNING - 2026-02-10 06:00:24 --> [DEPRECATED] str_replace(): Passing null to parameter #3 ($subject) of type array|string is deprecated in APPPATH/Views/template/layout/main.php on line 369.
 1 APPPATH/Views/template/layout/main.php(369): str_replace('_', ' ', null)
 2 SYSTEMPATH/View/View.php(228): include('/home/u473669689/domains/jointfactory.org/public_html/2026/app/Views/template/layout/main.php')
 3 SYSTEMPATH/View/View.php(231): CodeIgniter\View\View->CodeIgniter\View\{closure}()
 4 SYSTEMPATH/View/View.php(244): CodeIgniter\View\View->render('template/layout/main', [], true)
 5 SYSTEMPATH/Common.php(1178): CodeIgniter\View\View->render('admin/dashboard', [], true)
 6 APPPATH/Controllers/admin/AuthController.php(37): view('admin/dashboard', [...])
 7 SYSTEMPATH/CodeIgniter.php(943): App\Controllers\admin\AuthController->login()
 8 SYSTEMPATH/CodeIgniter.php(503): CodeIgniter\CodeIgniter->runController(Object(App\Controllers\admin\AuthController))
 9 SYSTEMPATH/CodeIgniter.php(361): CodeIgniter\CodeIgniter->handleRequest(null, Object(Config\Cache), false)
10 FCPATH/index.php(79): CodeIgniter\CodeIgniter->run()
INFO - 2026-02-10 06:00:28 --> Session: Class initialized using 'CodeIgniter\Session\Handlers\FileHandler' driver.
INFO - 2026-02-10 06:00:40 --> Session: Class initialized using 'CodeIgniter\Session\Handlers\FileHandler' driver.
INFO - 2026-02-10 06:00:40 --> Session: Class initialized using 'CodeIgniter\Session\Handlers\FileHandler' driver.
INFO - 2026-02-10 06:01:22 --> Session: Class initialized using 'CodeIgniter\Session\Handlers\FileHandler' driver.
INFO - 2026-02-10 06:01:22 --> Session: Class initialized using 'CodeIgniter\Session\Handlers\FileHandler' driver.
WARNING - 2026-02-10 06:01:22 --> [DEPRECATED] str_replace(): Passing null to parameter #3 ($subject) of type array|string is deprecated in APPPATH/Views/template/layout/main.php on line 369.
 1 APPPATH/Views/template/layout/main.php(369): str_replace('_', ' ', null)
 2 SYSTEMPATH/View/View.php(228): include('/home/u473669689/domains/jointfactory.org/public_html/2026/app/Views/template/layout/main.php')
 3 SYSTEMPATH/View/View.php(231): CodeIgniter\View\View->CodeIgniter\View\{closure}()
 4 SYSTEMPATH/View/View.php(244): CodeIgniter\View\View->render('template/layout/main', [], true)
 5 SYSTEMPATH/Common.php(1178): CodeIgniter\View\View->render('admin/category/category', [], true)
 6 APPPATH/Controllers/admin/CategoryController.php(18): view('admin/category/category', [...])
 7 SYSTEMPATH/CodeIgniter.php(943): App\Controllers\admin\CategoryController->index()
 8 SYSTEMPATH/CodeIgniter.php(503): CodeIgniter\CodeIgniter->runController(Object(App\Controllers\admin\CategoryController))
 9 SYSTEMPATH/CodeIgniter.php(361): CodeIgniter\CodeIgniter->handleRequest(null, Object(Config\Cache), false)
10 FCPATH/index.php(79): CodeIgniter\CodeIgniter->run()
INFO - 2026-02-10 06:01:23 --> Session: Class initialized using 'CodeIgniter\Session\Handlers\FileHandler' driver.
INFO - 2026-02-10 06:01:32 --> Session: Class initialized using 'CodeIgniter\Session\Handlers\FileHandler' driver.
INFO - 2026-02-10 06:01:35 --> Session: Class initialized using 'CodeIgniter\Session\Handlers\FileHandler' driver.
INFO - 2026-02-10 06:01:38 --> Session: Class initialized using 'CodeIgniter\Session\Handlers\FileHandler' driver.
INFO - 2026-02-10 06:02:02 --> Session: Class initialized using 'CodeIgniter\Session\Handlers\FileHandler' driver.
WARNING - 2026-02-10 06:02:02 --> [DEPRECATED] str_replace(): Passing null to parameter #3 ($subject) of type array|string is deprecated in APPPATH/Views/template/layout/main.php on line 369.
 1 APPPATH/Views/template/layout/main.php(369): str_replace('_', ' ', null)
 2 SYSTEMPATH/View/View.php(228): include('/home/u473669689/domains/jointfactory.org/public_html/2026/app/Views/template/layout/main.php')
 3 SYSTEMPATH/View/View.php(231): CodeIgniter\View\View->CodeIgniter\View\{closure}()
 4 SYSTEMPATH/View/View.php(244): CodeIgniter\View\View->render('template/layout/main', [], true)
 5 SYSTEMPATH/Common.php(1178): CodeIgniter\View\View->render('admin/category/category', [], true)
 6 APPPATH/Controllers/admin/CategoryController.php(18): view('admin/category/category', [...])
 7 SYSTEMPATH/CodeIgniter.php(943): App\Controllers\admin\CategoryController->index()
 8 SYSTEMPATH/CodeIgniter.php(503): CodeIgniter\CodeIgniter->runController(Object(App\Controllers\admin\CategoryController))
 9 SYSTEMPATH/CodeIgniter.php(361): CodeIgniter\CodeIgniter->handleRequest(null, Object(Config\Cache), false)
10 FCPATH/index.php(79): CodeIgniter\CodeIgniter->run()
INFO - 2026-02-10 06:02:03 --> Session: Class initialized using 'CodeIgniter\Session\Handlers\FileHandler' driver.
INFO - 2026-02-10 06:02:17 --> Session: Class initialized using 'CodeIgniter\Session\Handlers\FileHandler' driver.
INFO - 2026-02-10 06:02:21 --> Session: Class initialized using 'CodeIgniter\Session\Handlers\FileHandler' driver.
WARNING - 2026-02-10 06:02:21 --> [DEPRECATED] str_replace(): Passing null to parameter #3 ($subject) of type array|string is deprecated in APPPATH/Views/template/layout/main.php on line 369.
 1 APPPATH/Views/template/layout/main.php(369): str_replace('_', ' ', null)
 2 SYSTEMPATH/View/View.php(228): include('/home/u473669689/domains/jointfactory.org/public_html/2026/app/Views/template/layout/main.php')
 3 SYSTEMPATH/View/View.php(231): CodeIgniter\View\View->CodeIgniter\View\{closure}()
 4 SYSTEMPATH/View/View.php(244): CodeIgniter\View\View->render('template/layout/main', [], true)
 5 SYSTEMPATH/Common.php(1178): CodeIgniter\View\View->render('admin/services/index', [], true)
 6 APPPATH/Controllers/admin/ServiceController.php(35): view('admin/services/index', [...])
 7 SYSTEMPATH/CodeIgniter.php(943): App\Controllers\admin\ServiceController->index()
 8 SYSTEMPATH/CodeIgniter.php(503): CodeIgniter\CodeIgniter->runController(Object(App\Controllers\admin\ServiceController))
 9 SYSTEMPATH/CodeIgniter.php(361): CodeIgniter\CodeIgniter->handleRequest(null, Object(Config\Cache), false)
10 FCPATH/index.php(79): CodeIgniter\CodeIgniter->run()
INFO - 2026-02-10 06:02:26 --> Session: Class initialized using 'CodeIgniter\Session\Handlers\FileHandler' driver.
INFO - 2026-02-10 06:02:27 --> Session: Class initialized using 'CodeIgniter\Session\Handlers\FileHandler' driver.
INFO - 2026-02-10 06:02:30 --> Session: Class initialized using 'CodeIgniter\Session\Handlers\FileHandler' driver.
WARNING - 2026-02-10 06:02:30 --> [DEPRECATED] str_replace(): Passing null to parameter #3 ($subject) of type array|string is deprecated in APPPATH/Views/template/layout/main.php on line 369.
 1 APPPATH/Views/template/layout/main.php(369): str_replace('_', ' ', null)
 2 SYSTEMPATH/View/View.php(228): include('/home/u473669689/domains/jointfactory.org/public_html/2026/app/Views/template/layout/main.php')
 3 SYSTEMPATH/View/View.php(231): CodeIgniter\View\View->CodeIgniter\View\{closure}()
 4 SYSTEMPATH/View/View.php(244): CodeIgniter\View\View->render('template/layout/main', [], true)
 5 SYSTEMPATH/Common.php(1178): CodeIgniter\View\View->render('admin/category/category', [], true)
 6 APPPATH/Controllers/admin/CategoryController.php(18): view('admin/category/category', [...])
 7 SYSTEMPATH/CodeIgniter.php(943): App\Controllers\admin\CategoryController->index()
 8 SYSTEMPATH/CodeIgniter.php(503): CodeIgniter\CodeIgniter->runController(Object(App\Controllers\admin\CategoryController))
 9 SYSTEMPATH/CodeIgniter.php(361): CodeIgniter\CodeIgniter->handleRequest(null, Object(Config\Cache), false)
10 FCPATH/index.php(79): CodeIgniter\CodeIgniter->run()
INFO - 2026-02-10 06:02:30 --> Session: Class initialized using 'CodeIgniter\Session\Handlers\FileHandler' driver.
INFO - 2026-02-10 06:02:55 --> Session: Class initialized using 'CodeIgniter\Session\Handlers\FileHandler' driver.
INFO - 2026-02-10 06:03:27 --> Session: Class initialized using 'CodeIgniter\Session\Handlers\FileHandler' driver.
ERROR - 2026-02-10 06:03:27 --> mysqli_sql_exception: Column 'parent_id' cannot be null in /home/u473669689/domains/jointfactory.org/public_html/2026/vendor/codeigniter4/framework/system/Database/MySQLi/Connection.php:306
Stack trace:
#0 /home/u473669689/domains/jointfactory.org/public_html/2026/vendor/codeigniter4/framework/system/Database/MySQLi/Connection.php(306): mysqli->query()
#1 /home/u473669689/domains/jointfactory.org/public_html/2026/vendor/codeigniter4/framework/system/Database/BaseConnection.php(693): CodeIgniter\Database\MySQLi\Connection->execute()
#2 /home/u473669689/domains/jointfactory.org/public_html/2026/vendor/codeigniter4/framework/system/Database/BaseConnection.php(607): CodeIgniter\Database\BaseConnection->simpleQuery()
#3 /home/u473669689/domains/jointfactory.org/public_html/2026/vendor/codeigniter4/framework/system/Database/BaseBuilder.php(2307): CodeIgniter\Database\BaseConnection->query()
#4 /home/u473669689/domains/jointfactory.org/public_html/2026/vendor/codeigniter4/framework/system/Model.php(327): CodeIgniter\Database\BaseBuilder->insert()
#5 /home/u473669689/domains/jointfactory.org/public_html/2026/vendor/codeigniter4/framework/system/BaseModel.php(805): CodeIgniter\Model->doInsert()
#6 /home/u473669689/domains/jointfactory.org/public_html/2026/vendor/codeigniter4/framework/system/Model.php(749): CodeIgniter\BaseModel->insert()
#7 /home/u473669689/domains/jointfactory.org/public_html/2026/app/Controllers/admin/CategoryController.php(71): CodeIgniter\Model->insert()
#8 /home/u473669689/domains/jointfactory.org/public_html/2026/vendor/codeigniter4/framework/system/CodeIgniter.php(943): App\Controllers\admin\CategoryController->save()
#9 /home/u473669689/domains/jointfactory.org/public_html/2026/vendor/codeigniter4/framework/system/CodeIgniter.php(503): CodeIgniter\CodeIgniter->runController()
#10 /home/u473669689/domains/jointfactory.org/public_html/2026/vendor/codeigniter4/framework/system/CodeIgniter.php(361): CodeIgniter\CodeIgniter->handleRequest()
#11 /home/u473669689/domains/jointfactory.org/public_html/2026/index.php(79): CodeIgniter\CodeIgniter->run()
#12 {main}
CRITICAL - 2026-02-10 06:03:27 --> CodeIgniter\Database\Exceptions\DatabaseException: Column 'parent_id' cannot be null
in SYSTEMPATH/Database/BaseConnection.php on line 647.
 1 SYSTEMPATH/Database/BaseBuilder.php(2307): CodeIgniter\Database\BaseConnection->query()
 2 SYSTEMPATH/Model.php(327): CodeIgniter\Database\BaseBuilder->insert()
 3 SYSTEMPATH/BaseModel.php(805): CodeIgniter\Model->doInsert()
 4 SYSTEMPATH/Model.php(749): CodeIgniter\BaseModel->insert()
 5 APPPATH/Controllers/admin/CategoryController.php(71): CodeIgniter\Model->insert()
 6 SYSTEMPATH/CodeIgniter.php(943): App\Controllers\admin\CategoryController->save()
 7 SYSTEMPATH/CodeIgniter.php(503): CodeIgniter\CodeIgniter->runController()
 8 SYSTEMPATH/CodeIgniter.php(361): CodeIgniter\CodeIgniter->handleRequest()
 9 FCPATH/index.php(79): CodeIgniter\CodeIgniter->run()
CRITICAL - 2026-02-10 06:03:27 --> [Caused by] CodeIgniter\Database\Exceptions\DatabaseException: Column 'parent_id' cannot be null
in SYSTEMPATH/Database/MySQLi/Connection.php on line 311.
 1 SYSTEMPATH/Database/BaseConnection.php(693): CodeIgniter\Database\MySQLi\Connection->execute()
 2 SYSTEMPATH/Database/BaseConnection.php(607): CodeIgniter\Database\BaseConnection->simpleQuery()
 3 SYSTEMPATH/Database/BaseBuilder.php(2307): CodeIgniter\Database\BaseConnection->query()
 4 SYSTEMPATH/Model.php(327): CodeIgniter\Database\BaseBuilder->insert()
 5 SYSTEMPATH/BaseModel.php(805): CodeIgniter\Model->doInsert()
 6 SYSTEMPATH/Model.php(749): CodeIgniter\BaseModel->insert()
 7 APPPATH/Controllers/admin/CategoryController.php(71): CodeIgniter\Model->insert()
 8 SYSTEMPATH/CodeIgniter.php(943): App\Controllers\admin\CategoryController->save()
 9 SYSTEMPATH/CodeIgniter.php(503): CodeIgniter\CodeIgniter->runController()
10 SYSTEMPATH/CodeIgniter.php(361): CodeIgniter\CodeIgniter->handleRequest()
11 FCPATH/index.php(79): CodeIgniter\CodeIgniter->run()
CRITICAL - 2026-02-10 06:03:27 --> [Caused by] mysqli_sql_exception: Column 'parent_id' cannot be null
in SYSTEMPATH/Database/MySQLi/Connection.php on line 306.
 1 SYSTEMPATH/Database/MySQLi/Connection.php(306): mysqli->query()
 2 SYSTEMPATH/Database/BaseConnection.php(693): CodeIgniter\Database\MySQLi\Connection->execute()
 3 SYSTEMPATH/Database/BaseConnection.php(607): CodeIgniter\Database\BaseConnection->simpleQuery()
 4 SYSTEMPATH/Database/BaseBuilder.php(2307): CodeIgniter\Database\BaseConnection->query()
 5 SYSTEMPATH/Model.php(327): CodeIgniter\Database\BaseBuilder->insert()
 6 SYSTEMPATH/BaseModel.php(805): CodeIgniter\Model->doInsert()
 7 SYSTEMPATH/Model.php(749): CodeIgniter\BaseModel->insert()
 8 APPPATH/Controllers/admin/CategoryController.php(71): CodeIgniter\Model->insert()
 9 SYSTEMPATH/CodeIgniter.php(943): App\Controllers\admin\CategoryController->save()
10 SYSTEMPATH/CodeIgniter.php(503): CodeIgniter\CodeIgniter->runController()
11 SYSTEMPATH/CodeIgniter.php(361): CodeIgniter\CodeIgniter->handleRequest()
12 FCPATH/index.php(79): CodeIgniter\CodeIgniter->run()
INFO - 2026-02-10 06:03:54 --> Session: Class initialized using 'CodeIgniter\Session\Handlers\FileHandler' driver.
INFO - 2026-02-10 06:03:54 --> Session: Class initialized using 'CodeIgniter\Session\Handlers\FileHandler' driver.
INFO - 2026-02-10 06:03:57 --> Session: Class initialized using 'CodeIgniter\Session\Handlers\FileHandler' driver.
WARNING - 2026-02-10 06:03:57 --> [DEPRECATED] str_replace(): Passing null to parameter #3 ($subject) of type array|string is deprecated in APPPATH/Views/template/layout/main.php on line 369.
 1 APPPATH/Views/template/layout/main.php(369): str_replace('_', ' ', null)
 2 SYSTEMPATH/View/View.php(228): include('/home/u473669689/domains/jointfactory.org/public_html/2026/app/Views/template/layout/main.php')
 3 SYSTEMPATH/View/View.php(231): CodeIgniter\View\View->CodeIgniter\View\{closure}()
 4 SYSTEMPATH/View/View.php(244): CodeIgniter\View\View->render('template/layout/main', [], true)
 5 SYSTEMPATH/Common.php(1178): CodeIgniter\View\View->render('admin/category/category', [], true)
 6 APPPATH/Controllers/admin/CategoryController.php(18): view('admin/category/category', [...])
 7 SYSTEMPATH/CodeIgniter.php(943): App\Controllers\admin\CategoryController->index()
 8 SYSTEMPATH/CodeIgniter.php(503): CodeIgniter\CodeIgniter->runController(Object(App\Controllers\admin\CategoryController))
 9 SYSTEMPATH/CodeIgniter.php(361): CodeIgniter\CodeIgniter->handleRequest(null, Object(Config\Cache), false)
10 FCPATH/index.php(79): CodeIgniter\CodeIgniter->run()
INFO - 2026-02-10 06:03:58 --> Session: Class initialized using 'CodeIgniter\Session\Handlers\FileHandler' driver.
INFO - 2026-02-10 06:04:04 --> Session: Class initialized using 'CodeIgniter\Session\Handlers\FileHandler' driver.
INFO - 2026-02-10 06:04:34 --> Session: Class initialized using 'CodeIgniter\Session\Handlers\FileHandler' driver.
WARNING - 2026-02-10 06:04:34 --> [DEPRECATED] str_replace(): Passing null to parameter #3 ($subject) of type array|string is deprecated in APPPATH/Views/template/layout/main.php on line 369.
 1 APPPATH/Views/template/layout/main.php(369): str_replace('_', ' ', null)
 2 SYSTEMPATH/View/View.php(228): include('/home/u473669689/domains/jointfactory.org/public_html/2026/app/Views/template/layout/main.php')
 3 SYSTEMPATH/View/View.php(231): CodeIgniter\View\View->CodeIgniter\View\{closure}()
 4 SYSTEMPATH/View/View.php(244): CodeIgniter\View\View->render('template/layout/main', [], true)
 5 SYSTEMPATH/Common.php(1178): CodeIgniter\View\View->render('admin/services/index', [], true)
 6 APPPATH/Controllers/admin/ServiceController.php(35): view('admin/services/index', [...])
 7 SYSTEMPATH/CodeIgniter.php(943): App\Controllers\admin\ServiceController->index()
 8 SYSTEMPATH/CodeIgniter.php(503): CodeIgniter\CodeIgniter->runController(Object(App\Controllers\admin\ServiceController))
 9 SYSTEMPATH/CodeIgniter.php(361): CodeIgniter\CodeIgniter->handleRequest(null, Object(Config\Cache), false)
10 FCPATH/index.php(79): CodeIgniter\CodeIgniter->run()
INFO - 2026-02-10 06:04:34 --> Session: Class initialized using 'CodeIgniter\Session\Handlers\FileHandler' driver.
INFO - 2026-02-10 06:04:43 --> Session: Class initialized using 'CodeIgniter\Session\Handlers\FileHandler' driver.
WARNING - 2026-02-10 06:04:43 --> [DEPRECATED] str_replace(): Passing null to parameter #3 ($subject) of type array|string is deprecated in APPPATH/Views/template/layout/main.php on line 369.
 1 APPPATH/Views/template/layout/main.php(369): str_replace('_', ' ', null)
 2 SYSTEMPATH/View/View.php(228): include('/home/u473669689/domains/jointfactory.org/public_html/2026/app/Views/template/layout/main.php')
 3 SYSTEMPATH/View/View.php(231): CodeIgniter\View\View->CodeIgniter\View\{closure}()
 4 SYSTEMPATH/View/View.php(244): CodeIgniter\View\View->render('template/layout/main', [], true)
 5 SYSTEMPATH/Common.php(1178): CodeIgniter\View\View->render('admin/category/category', [], true)
 6 APPPATH/Controllers/admin/CategoryController.php(18): view('admin/category/category', [...])
 7 SYSTEMPATH/CodeIgniter.php(943): App\Controllers\admin\CategoryController->index()
 8 SYSTEMPATH/CodeIgniter.php(503): CodeIgniter\CodeIgniter->runController(Object(App\Controllers\admin\CategoryController))
 9 SYSTEMPATH/CodeIgniter.php(361): CodeIgniter\CodeIgniter->handleRequest(null, Object(Config\Cache), false)
10 FCPATH/index.php(79): CodeIgniter\CodeIgniter->run()
INFO - 2026-02-10 06:04:44 --> Session: Class initialized using 'CodeIgniter\Session\Handlers\FileHandler' driver.
WARNING - 2026-02-10 06:04:44 --> [DEPRECATED] str_replace(): Passing null to parameter #3 ($subject) of type array|string is deprecated in APPPATH/Views/template/layout/main.php on line 369.
 1 APPPATH/Views/template/layout/main.php(369): str_replace('_', ' ', null)
 2 SYSTEMPATH/View/View.php(228): include('/home/u473669689/domains/jointfactory.org/public_html/2026/app/Views/template/layout/main.php')
 3 SYSTEMPATH/View/View.php(231): CodeIgniter\View\View->CodeIgniter\View\{closure}()
 4 SYSTEMPATH/View/View.php(244): CodeIgniter\View\View->render('template/layout/main', [], true)
 5 SYSTEMPATH/Common.php(1178): CodeIgniter\View\View->render('admin/services/index', [], true)
 6 APPPATH/Controllers/admin/ServiceController.php(35): view('admin/services/index', [...])
 7 SYSTEMPATH/CodeIgniter.php(943): App\Controllers\admin\ServiceController->index()
 8 SYSTEMPATH/CodeIgniter.php(503): CodeIgniter\CodeIgniter->runController(Object(App\Controllers\admin\ServiceController))
 9 SYSTEMPATH/CodeIgniter.php(361): CodeIgniter\CodeIgniter->handleRequest(null, Object(Config\Cache), false)
10 FCPATH/index.php(79): CodeIgniter\CodeIgniter->run()
INFO - 2026-02-10 06:04:44 --> Session: Class initialized using 'CodeIgniter\Session\Handlers\FileHandler' driver.
INFO - 2026-02-10 06:04:44 --> Session: Class initialized using 'CodeIgniter\Session\Handlers\FileHandler' driver.
INFO - 2026-02-10 06:04:47 --> Session: Class initialized using 'CodeIgniter\Session\Handlers\FileHandler' driver.
INFO - 2026-02-10 06:04:51 --> Session: Class initialized using 'CodeIgniter\Session\Handlers\FileHandler' driver.
INFO - 2026-02-10 06:04:51 --> Session: Class initialized using 'CodeIgniter\Session\Handlers\FileHandler' driver.
INFO - 2026-02-10 06:05:02 --> Session: Class initialized using 'CodeIgniter\Session\Handlers\FileHandler' driver.
WARNING - 2026-02-10 06:05:02 --> [DEPRECATED] str_replace(): Passing null to parameter #3 ($subject) of type array|string is deprecated in APPPATH/Views/template/layout/main.php on line 369.
 1 APPPATH/Views/template/layout/main.php(369): str_replace('_', ' ', null)
 2 SYSTEMPATH/View/View.php(228): include('/home/u473669689/domains/jointfactory.org/public_html/2026/app/Views/template/layout/main.php')
 3 SYSTEMPATH/View/View.php(231): CodeIgniter\View\View->CodeIgniter\View\{closure}()
 4 SYSTEMPATH/View/View.php(244): CodeIgniter\View\View->render('template/layout/main', [], true)
 5 SYSTEMPATH/Common.php(1178): CodeIgniter\View\View->render('admin/services/index', [], true)
 6 APPPATH/Controllers/admin/ServiceController.php(35): view('admin/services/index', [...])
 7 SYSTEMPATH/CodeIgniter.php(943): App\Controllers\admin\ServiceController->index()
 8 SYSTEMPATH/CodeIgniter.php(503): CodeIgniter\CodeIgniter->runController(Object(App\Controllers\admin\ServiceController))
 9 SYSTEMPATH/CodeIgniter.php(361): CodeIgniter\CodeIgniter->handleRequest(null, Object(Config\Cache), false)
10 FCPATH/index.php(79): CodeIgniter\CodeIgniter->run()
INFO - 2026-02-10 06:05:03 --> Session: Class initialized using 'CodeIgniter\Session\Handlers\FileHandler' driver.
INFO - 2026-02-10 06:05:04 --> Session: Class initialized using 'CodeIgniter\Session\Handlers\FileHandler' driver.
INFO - 2026-02-10 06:05:09 --> Session: Class initialized using 'CodeIgniter\Session\Handlers\FileHandler' driver.
INFO - 2026-02-10 06:05:26 --> Session: Class initialized using 'CodeIgniter\Session\Handlers\FileHandler' driver.
INFO - 2026-02-10 06:05:35 --> Session: Class initialized using 'CodeIgniter\Session\Handlers\FileHandler' driver.
WARNING - 2026-02-10 06:05:35 --> [DEPRECATED] str_replace(): Passing null to parameter #3 ($subject) of type array|string is deprecated in APPPATH/Views/template/layout/main.php on line 369.
 1 APPPATH/Views/template/layout/main.php(369): str_replace('_', ' ', null)
 2 SYSTEMPATH/View/View.php(228): include('/home/u473669689/domains/jointfactory.org/public_html/2026/app/Views/template/layout/main.php')
 3 SYSTEMPATH/View/View.php(231): CodeIgniter\View\View->CodeIgniter\View\{closure}()
 4 SYSTEMPATH/View/View.php(244): CodeIgniter\View\View->render('template/layout/main', [], true)
 5 SYSTEMPATH/Common.php(1178): CodeIgniter\View\View->render('admin/services/index', [], true)
 6 APPPATH/Controllers/admin/ServiceController.php(35): view('admin/services/index', [...])
 7 SYSTEMPATH/CodeIgniter.php(943): App\Controllers\admin\ServiceController->index()
 8 SYSTEMPATH/CodeIgniter.php(503): CodeIgniter\CodeIgniter->runController(Object(App\Controllers\admin\ServiceController))
 9 SYSTEMPATH/CodeIgniter.php(361): CodeIgniter\CodeIgniter->handleRequest(null, Object(Config\Cache), false)
10 FCPATH/index.php(79): CodeIgniter\CodeIgniter->run()
INFO - 2026-02-10 06:05:39 --> Session: Class initialized using 'CodeIgniter\Session\Handlers\FileHandler' driver.
INFO - 2026-02-10 06:05:43 --> Session: Class initialized using 'CodeIgniter\Session\Handlers\FileHandler' driver.
INFO - 2026-02-10 06:05:53 --> Session: Class initialized using 'CodeIgniter\Session\Handlers\FileHandler' driver.
INFO - 2026-02-10 06:05:53 --> Session: Class initialized using 'CodeIgniter\Session\Handlers\FileHandler' driver.
INFO - 2026-02-10 06:06:47 --> Session: Class initialized using 'CodeIgniter\Session\Handlers\FileHandler' driver.
INFO - 2026-02-10 06:06:56 --> Session: Class initialized using 'CodeIgniter\Session\Handlers\FileHandler' driver.
INFO - 2026-02-10 06:06:56 --> Session: Class initialized using 'CodeIgniter\Session\Handlers\FileHandler' driver.
INFO - 2026-02-10 06:07:42 --> Session: Class initialized using 'CodeIgniter\Session\Handlers\FileHandler' driver.
WARNING - 2026-02-10 06:07:42 --> [DEPRECATED] str_replace(): Passing null to parameter #3 ($subject) of type array|string is deprecated in APPPATH/Views/template/layout/main.php on line 369.
 1 APPPATH/Views/template/layout/main.php(369): str_replace('_', ' ', null)
 2 SYSTEMPATH/View/View.php(228): include('/home/u473669689/domains/jointfactory.org/public_html/2026/app/Views/template/layout/main.php')
 3 SYSTEMPATH/View/View.php(231): CodeIgniter\View\View->CodeIgniter\View\{closure}()
 4 SYSTEMPATH/View/View.php(244): CodeIgniter\View\View->render('template/layout/main', [], true)
 5 SYSTEMPATH/Common.php(1178): CodeIgniter\View\View->render('admin/services/index', [], true)
 6 APPPATH/Controllers/admin/ServiceController.php(35): view('admin/services/index', [...])
 7 SYSTEMPATH/CodeIgniter.php(943): App\Controllers\admin\ServiceController->index()
 8 SYSTEMPATH/CodeIgniter.php(503): CodeIgniter\CodeIgniter->runController(Object(App\Controllers\admin\ServiceController))
 9 SYSTEMPATH/CodeIgniter.php(361): CodeIgniter\CodeIgniter->handleRequest(null, Object(Config\Cache), false)
10 FCPATH/index.php(79): CodeIgniter\CodeIgniter->run()
INFO - 2026-02-10 06:07:43 --> Session: Class initialized using 'CodeIgniter\Session\Handlers\FileHandler' driver.
INFO - 2026-02-10 06:07:45 --> Session: Class initialized using 'CodeIgniter\Session\Handlers\FileHandler' driver.
INFO - 2026-02-10 06:07:45 --> Session: Class initialized using 'CodeIgniter\Session\Handlers\FileHandler' driver.
INFO - 2026-02-10 06:07:47 --> Session: Class initialized using 'CodeIgniter\Session\Handlers\FileHandler' driver.
INFO - 2026-02-10 06:07:47 --> Session: Class initialized using 'CodeIgniter\Session\Handlers\FileHandler' driver.
INFO - 2026-02-10 06:07:58 --> Session: Class initialized using 'CodeIgniter\Session\Handlers\FileHandler' driver.
INFO - 2026-02-10 06:07:58 --> Session: Class initialized using 'CodeIgniter\Session\Handlers\FileHandler' driver.
INFO - 2026-02-10 06:08:34 --> Session: Class initialized using 'CodeIgniter\Session\Handlers\FileHandler' driver.
INFO - 2026-02-10 06:08:34 --> Session: Class initialized using 'CodeIgniter\Session\Handlers\FileHandler' driver.
INFO - 2026-02-10 06:08:39 --> Session: Class initialized using 'CodeIgniter\Session\Handlers\FileHandler' driver.
INFO - 2026-02-10 06:08:39 --> Session: Class initialized using 'CodeIgniter\Session\Handlers\FileHandler' driver.
INFO - 2026-02-10 06:08:58 --> Session: Class initialized using 'CodeIgniter\Session\Handlers\FileHandler' driver.
INFO - 2026-02-10 06:08:58 --> Session: Class initialized using 'CodeIgniter\Session\Handlers\FileHandler' driver.
INFO - 2026-02-10 06:09:18 --> Session: Class initialized using 'CodeIgniter\Session\Handlers\FileHandler' driver.
INFO - 2026-02-10 06:09:18 --> Session: Class initialized using 'CodeIgniter\Session\Handlers\FileHandler' driver.
INFO - 2026-02-10 06:09:42 --> Session: Class initialized using 'CodeIgniter\Session\Handlers\FileHandler' driver.
INFO - 2026-02-10 06:09:42 --> Session: Class initialized using 'CodeIgniter\Session\Handlers\FileHandler' driver.
INFO - 2026-02-10 06:10:41 --> Session: Class initialized using 'CodeIgniter\Session\Handlers\FileHandler' driver.
INFO - 2026-02-10 06:10:50 --> Session: Class initialized using 'CodeIgniter\Session\Handlers\FileHandler' driver.
INFO - 2026-02-10 06:10:57 --> Session: Class initialized using 'CodeIgniter\Session\Handlers\FileHandler' driver.
WARNING - 2026-02-10 06:10:57 --> [DEPRECATED] str_replace(): Passing null to parameter #3 ($subject) of type array|string is deprecated in APPPATH/Views/template/layout/main.php on line 369.
 1 APPPATH/Views/template/layout/main.php(369): str_replace('_', ' ', null)
 2 SYSTEMPATH/View/View.php(228): include('/home/u473669689/domains/jointfactory.org/public_html/2026/app/Views/template/layout/main.php')
 3 SYSTEMPATH/View/View.php(231): CodeIgniter\View\View->CodeIgniter\View\{closure}()
 4 SYSTEMPATH/View/View.php(244): CodeIgniter\View\View->render('template/layout/main', [], true)
 5 SYSTEMPATH/Common.php(1178): CodeIgniter\View\View->render('template/settings/index', [], true)
 6 APPPATH/Controllers/admin/SettingsController.php(22): view('template/settings/index', [...])
 7 SYSTEMPATH/CodeIgniter.php(943): App\Controllers\admin\SettingsController->index()
 8 SYSTEMPATH/CodeIgniter.php(503): CodeIgniter\CodeIgniter->runController(Object(App\Controllers\admin\SettingsController))
 9 SYSTEMPATH/CodeIgniter.php(361): CodeIgniter\CodeIgniter->handleRequest(null, Object(Config\Cache), false)
10 FCPATH/index.php(79): CodeIgniter\CodeIgniter->run()
INFO - 2026-02-10 06:11:00 --> Session: Class initialized using 'CodeIgniter\Session\Handlers\FileHandler' driver.
WARNING - 2026-02-10 06:11:00 --> [DEPRECATED] str_replace(): Passing null to parameter #3 ($subject) of type array|string is deprecated in APPPATH/Views/template/layout/main.php on line 369.
 1 APPPATH/Views/template/layout/main.php(369): str_replace('_', ' ', null)
 2 SYSTEMPATH/View/View.php(228): include('/home/u473669689/domains/jointfactory.org/public_html/2026/app/Views/template/layout/main.php')
 3 SYSTEMPATH/View/View.php(231): CodeIgniter\View\View->CodeIgniter\View\{closure}()
 4 SYSTEMPATH/View/View.php(244): CodeIgniter\View\View->render('template/layout/main', [], true)
 5 SYSTEMPATH/Common.php(1178): CodeIgniter\View\View->render('template/permissions/permissions', [], true)
 6 APPPATH/Controllers/admin/Permissions.php(51): view('template/permissions/permissions', [...])
 7 SYSTEMPATH/CodeIgniter.php(943): App\Controllers\admin\Permissions->checkpermission()
 8 SYSTEMPATH/CodeIgniter.php(503): CodeIgniter\CodeIgniter->runController(Object(App\Controllers\admin\Permissions))
 9 SYSTEMPATH/CodeIgniter.php(361): CodeIgniter\CodeIgniter->handleRequest(null, Object(Config\Cache), false)
10 FCPATH/index.php(79): CodeIgniter\CodeIgniter->run()
INFO - 2026-02-10 06:11:00 --> Session: Class initialized using 'CodeIgniter\Session\Handlers\FileHandler' driver.
INFO - 2026-02-10 06:11:05 --> Session: Class initialized using 'CodeIgniter\Session\Handlers\FileHandler' driver.
INFO - 2026-02-10 06:11:09 --> Session: Class initialized using 'CodeIgniter\Session\Handlers\FileHandler' driver.
WARNING - 2026-02-10 06:11:09 --> [DEPRECATED] str_replace(): Passing null to parameter #3 ($subject) of type array|string is deprecated in APPPATH/Views/template/layout/main.php on line 369.
 1 APPPATH/Views/template/layout/main.php(369): str_replace('_', ' ', null)
 2 SYSTEMPATH/View/View.php(228): include('/home/u473669689/domains/jointfactory.org/public_html/2026/app/Views/template/layout/main.php')
 3 SYSTEMPATH/View/View.php(231): CodeIgniter\View\View->CodeIgniter\View\{closure}()
 4 SYSTEMPATH/View/View.php(244): CodeIgniter\View\View->render('template/layout/main', [], true)
 5 SYSTEMPATH/Common.php(1178): CodeIgniter\View\View->render('admin/staff/index', [], true)
 6 APPPATH/Controllers/admin/StaffController.php(29): view('admin/staff/index', [...])
 7 SYSTEMPATH/CodeIgniter.php(943): App\Controllers\admin\StaffController->index()
 8 SYSTEMPATH/CodeIgniter.php(503): CodeIgniter\CodeIgniter->runController(Object(App\Controllers\admin\StaffController))
 9 SYSTEMPATH/CodeIgniter.php(361): CodeIgniter\CodeIgniter->handleRequest(null, Object(Config\Cache), false)
10 FCPATH/index.php(79): CodeIgniter\CodeIgniter->run()
INFO - 2026-02-10 06:11:09 --> Session: Class initialized using 'CodeIgniter\Session\Handlers\FileHandler' driver.
INFO - 2026-02-10 06:12:27 --> Session: Class initialized using 'CodeIgniter\Session\Handlers\FileHandler' driver.
WARNING - 2026-02-10 06:12:27 --> [DEPRECATED] str_replace(): Passing null to parameter #3 ($subject) of type array|string is deprecated in APPPATH/Views/template/layout/main.php on line 369.
 1 APPPATH/Views/template/layout/main.php(369): str_replace('_', ' ', null)
 2 SYSTEMPATH/View/View.php(228): include('/home/u473669689/domains/jointfactory.org/public_html/2026/app/Views/template/layout/main.php')
 3 SYSTEMPATH/View/View.php(231): CodeIgniter\View\View->CodeIgniter\View\{closure}()
 4 SYSTEMPATH/View/View.php(244): CodeIgniter\View\View->render('template/layout/main', [], true)
 5 SYSTEMPATH/Common.php(1178): CodeIgniter\View\View->render('admin/services/index', [], true)
 6 APPPATH/Controllers/admin/ServiceController.php(35): view('admin/services/index', [...])
 7 SYSTEMPATH/CodeIgniter.php(943): App\Controllers\admin\ServiceController->index()
 8 SYSTEMPATH/CodeIgniter.php(503): CodeIgniter\CodeIgniter->runController(Object(App\Controllers\admin\ServiceController))
 9 SYSTEMPATH/CodeIgniter.php(361): CodeIgniter\CodeIgniter->handleRequest(null, Object(Config\Cache), false)
10 FCPATH/index.php(79): CodeIgniter\CodeIgniter->run()
INFO - 2026-02-10 06:12:28 --> Session: Class initialized using 'CodeIgniter\Session\Handlers\FileHandler' driver.
INFO - 2026-02-10 06:19:05 --> Session: Class initialized using 'CodeIgniter\Session\Handlers\FileHandler' driver.
INFO - 2026-02-10 06:19:05 --> Session: Class initialized using 'CodeIgniter\Session\Handlers\FileHandler' driver.
INFO - 2026-02-10 06:19:26 --> Session: Class initialized using 'CodeIgniter\Session\Handlers\FileHandler' driver.
WARNING - 2026-02-10 06:19:26 --> [DEPRECATED] str_replace(): Passing null to parameter #3 ($subject) of type array|string is deprecated in APPPATH/Views/template/layout/main.php on line 369.
 1 APPPATH/Views/template/layout/main.php(369): str_replace('_', ' ', null)
 2 SYSTEMPATH/View/View.php(228): include('/home/u473669689/domains/jointfactory.org/public_html/2026/app/Views/template/layout/main.php')
 3 SYSTEMPATH/View/View.php(231): CodeIgniter\View\View->CodeIgniter\View\{closure}()
 4 SYSTEMPATH/View/View.php(244): CodeIgniter\View\View->render('template/layout/main', [], true)
 5 SYSTEMPATH/Common.php(1178): CodeIgniter\View\View->render('admin/services/index', [], true)
 6 APPPATH/Controllers/admin/ServiceController.php(35): view('admin/services/index', [...])
 7 SYSTEMPATH/CodeIgniter.php(943): App\Controllers\admin\ServiceController->index()
 8 SYSTEMPATH/CodeIgniter.php(503): CodeIgniter\CodeIgniter->runController(Object(App\Controllers\admin\ServiceController))
 9 SYSTEMPATH/CodeIgniter.php(361): CodeIgniter\CodeIgniter->handleRequest(null, Object(Config\Cache), false)
10 FCPATH/index.php(79): CodeIgniter\CodeIgniter->run()
INFO - 2026-02-10 06:19:27 --> Session: Class initialized using 'CodeIgniter\Session\Handlers\FileHandler' driver.
INFO - 2026-02-10 06:19:30 --> Session: Class initialized using 'CodeIgniter\Session\Handlers\FileHandler' driver.
WARNING - 2026-02-10 06:19:30 --> [DEPRECATED] str_replace(): Passing null to parameter #3 ($subject) of type array|string is deprecated in APPPATH/Views/template/layout/main.php on line 369.
 1 APPPATH/Views/template/layout/main.php(369): str_replace('_', ' ', null)
 2 SYSTEMPATH/View/View.php(228): include('/home/u473669689/domains/jointfactory.org/public_html/2026/app/Views/template/layout/main.php')
 3 SYSTEMPATH/View/View.php(231): CodeIgniter\View\View->CodeIgniter\View\{closure}()
 4 SYSTEMPATH/View/View.php(244): CodeIgniter\View\View->render('template/layout/main', [], true)
 5 SYSTEMPATH/Common.php(1178): CodeIgniter\View\View->render('admin/category/category', [], true)
 6 APPPATH/Controllers/admin/CategoryController.php(18): view('admin/category/category', [...])
 7 SYSTEMPATH/CodeIgniter.php(943): App\Controllers\admin\CategoryController->index()
 8 SYSTEMPATH/CodeIgniter.php(503): CodeIgniter\CodeIgniter->runController(Object(App\Controllers\admin\CategoryController))
 9 SYSTEMPATH/CodeIgniter.php(361): CodeIgniter\CodeIgniter->handleRequest(null, Object(Config\Cache), false)
10 FCPATH/index.php(79): CodeIgniter\CodeIgniter->run()
INFO - 2026-02-10 06:19:30 --> Session: Class initialized using 'CodeIgniter\Session\Handlers\FileHandler' driver.
INFO - 2026-02-10 06:19:31 --> Session: Class initialized using 'CodeIgniter\Session\Handlers\FileHandler' driver.
WARNING - 2026-02-10 06:19:31 --> [DEPRECATED] str_replace(): Passing null to parameter #3 ($subject) of type array|string is deprecated in APPPATH/Views/template/layout/main.php on line 369.
 1 APPPATH/Views/template/layout/main.php(369): str_replace('_', ' ', null)
 2 SYSTEMPATH/View/View.php(228): include('/home/u473669689/domains/jointfactory.org/public_html/2026/app/Views/template/layout/main.php')
 3 SYSTEMPATH/View/View.php(231): CodeIgniter\View\View->CodeIgniter\View\{closure}()
 4 SYSTEMPATH/View/View.php(244): CodeIgniter\View\View->render('template/layout/main', [], true)
 5 SYSTEMPATH/Common.php(1178): CodeIgniter\View\View->render('admin/services/index', [], true)
 6 APPPATH/Controllers/admin/ServiceController.php(35): view('admin/services/index', [...])
 7 SYSTEMPATH/CodeIgniter.php(943): App\Controllers\admin\ServiceController->index()
 8 SYSTEMPATH/CodeIgniter.php(503): CodeIgniter\CodeIgniter->runController(Object(App\Controllers\admin\ServiceController))
 9 SYSTEMPATH/CodeIgniter.php(361): CodeIgniter\CodeIgniter->handleRequest(null, Object(Config\Cache), false)
10 FCPATH/index.php(79): CodeIgniter\CodeIgniter->run()
INFO - 2026-02-10 06:19:31 --> Session: Class initialized using 'CodeIgniter\Session\Handlers\FileHandler' driver.
INFO - 2026-02-10 06:19:40 --> Session: Class initialized using 'CodeIgniter\Session\Handlers\FileHandler' driver.
INFO - 2026-02-10 06:19:40 --> Session: Class initialized using 'CodeIgniter\Session\Handlers\FileHandler' driver.
INFO - 2026-02-10 06:20:00 --> Session: Class initialized using 'CodeIgniter\Session\Handlers\FileHandler' driver.
INFO - 2026-02-10 06:20:00 --> Session: Class initialized using 'CodeIgniter\Session\Handlers\FileHandler' driver.
INFO - 2026-02-10 06:20:49 --> Session: Class initialized using 'CodeIgniter\Session\Handlers\FileHandler' driver.
INFO - 2026-02-10 06:20:49 --> Session: Class initialized using 'CodeIgniter\Session\Handlers\FileHandler' driver.
INFO - 2026-02-10 06:21:00 --> Session: Class initialized using 'CodeIgniter\Session\Handlers\FileHandler' driver.
INFO - 2026-02-10 06:21:00 --> Session: Class initialized using 'CodeIgniter\Session\Handlers\FileHandler' driver.
INFO - 2026-02-10 07:03:42 --> Session: Class initialized using 'CodeIgniter\Session\Handlers\FileHandler' driver.
INFO - 2026-02-10 07:05:19 --> Session: Class initialized using 'CodeIgniter\Session\Handlers\FileHandler' driver.
INFO - 2026-02-10 07:05:48 --> Session: Class initialized using 'CodeIgniter\Session\Handlers\FileHandler' driver.
WARNING - 2026-02-10 07:05:48 --> [DEPRECATED] str_replace(): Passing null to parameter #3 ($subject) of type array|string is deprecated in APPPATH/Views/template/layout/main.php on line 369.
 1 APPPATH/Views/template/layout/main.php(369): str_replace('_', ' ', null)
 2 SYSTEMPATH/View/View.php(228): include('/home/u473669689/domains/jointfactory.org/public_html/2026/app/Views/template/layout/main.php')
 3 SYSTEMPATH/View/View.php(231): CodeIgniter\View\View->CodeIgniter\View\{closure}()
 4 SYSTEMPATH/View/View.php(244): CodeIgniter\View\View->render('template/layout/main', [], true)
 5 SYSTEMPATH/Common.php(1178): CodeIgniter\View\View->render('admin/feedback/index', [], true)
 6 APPPATH/Controllers/admin/FeedbackController.php(19): view('admin/feedback/index', [...])
 7 SYSTEMPATH/CodeIgniter.php(943): App\Controllers\admin\FeedbackController->index()
 8 SYSTEMPATH/CodeIgniter.php(503): CodeIgniter\CodeIgniter->runController(Object(App\Controllers\admin\FeedbackController))
 9 SYSTEMPATH/CodeIgniter.php(361): CodeIgniter\CodeIgniter->handleRequest(null, Object(Config\Cache), false)
10 FCPATH/index.php(79): CodeIgniter\CodeIgniter->run()
INFO - 2026-02-10 07:05:48 --> Session: Class initialized using 'CodeIgniter\Session\Handlers\FileHandler' driver.
INFO - 2026-02-10 07:05:49 --> Session: Class initialized using 'CodeIgniter\Session\Handlers\FileHandler' driver.
INFO - 2026-02-10 11:28:19 --> Session: Class initialized using 'CodeIgniter\Session\Handlers\FileHandler' driver.
INFO - 2026-02-10 11:28:19 --> Session: Class initialized using 'CodeIgniter\Session\Handlers\FileHandler' driver.
INFO - 2026-02-10 11:28:24 --> Session: Class initialized using 'CodeIgniter\Session\Handlers\FileHandler' driver.
INFO - 2026-02-10 11:28:24 --> Session: Class initialized using 'CodeIgniter\Session\Handlers\FileHandler' driver.
WARNING - 2026-02-10 11:28:24 --> [DEPRECATED] str_replace(): Passing null to parameter #3 ($subject) of type array|string is deprecated in APPPATH/Views/template/layout/main.php on line 369.
 1 APPPATH/Views/template/layout/main.php(369): str_replace('_', ' ', null)
 2 SYSTEMPATH/View/View.php(228): include('/home/u473669689/domains/jointfactory.org/public_html/2026/app/Views/template/layout/main.php')
 3 SYSTEMPATH/View/View.php(231): CodeIgniter\View\View->CodeIgniter\View\{closure}()
 4 SYSTEMPATH/View/View.php(244): CodeIgniter\View\View->render('template/layout/main', [], true)
 5 SYSTEMPATH/Common.php(1178): CodeIgniter\View\View->render('admin/dashboard', [], true)
 6 APPPATH/Controllers/admin/AuthController.php(37): view('admin/dashboard', [...])
 7 SYSTEMPATH/CodeIgniter.php(943): App\Controllers\admin\AuthController->login()
 8 SYSTEMPATH/CodeIgniter.php(503): CodeIgniter\CodeIgniter->runController(Object(App\Controllers\admin\AuthController))
 9 SYSTEMPATH/CodeIgniter.php(361): CodeIgniter\CodeIgniter->handleRequest(null, Object(Config\Cache), false)
10 FCPATH/index.php(79): CodeIgniter\CodeIgniter->run()
INFO - 2026-02-10 11:28:26 --> Session: Class initialized using 'CodeIgniter\Session\Handlers\FileHandler' driver.
WARNING - 2026-02-10 11:28:26 --> [DEPRECATED] str_replace(): Passing null to parameter #3 ($subject) of type array|string is deprecated in APPPATH/Views/template/layout/main.php on line 369.
 1 APPPATH/Views/template/layout/main.php(369): str_replace('_', ' ', null)
 2 SYSTEMPATH/View/View.php(228): include('/home/u473669689/domains/jointfactory.org/public_html/2026/app/Views/template/layout/main.php')
 3 SYSTEMPATH/View/View.php(231): CodeIgniter\View\View->CodeIgniter\View\{closure}()
 4 SYSTEMPATH/View/View.php(244): CodeIgniter\View\View->render('template/layout/main', [], true)
 5 SYSTEMPATH/Common.php(1178): CodeIgniter\View\View->render('admin/services/index', [], true)
 6 APPPATH/Controllers/admin/ServiceController.php(35): view('admin/services/index', [...])
 7 SYSTEMPATH/CodeIgniter.php(943): App\Controllers\admin\ServiceController->index()
 8 SYSTEMPATH/CodeIgniter.php(503): CodeIgniter\CodeIgniter->runController(Object(App\Controllers\admin\ServiceController))
 9 SYSTEMPATH/CodeIgniter.php(361): CodeIgniter\CodeIgniter->handleRequest(null, Object(Config\Cache), false)
10 FCPATH/index.php(79): CodeIgniter\CodeIgniter->run()
INFO - 2026-02-10 11:28:26 --> Session: Class initialized using 'CodeIgniter\Session\Handlers\FileHandler' driver.
