ERROR - 2026-04-18 04:59:17 --> Error connecting to the database: mysqli_sql_exception: No connection could be made because the target machine actively refused it in D:\xamp\htdocs\dr\vendor\codeigniter4\framework\system\Database\MySQLi\Connection.php:185
Stack trace:
#0 D:\xamp\htdocs\dr\vendor\codeigniter4\framework\system\Database\MySQLi\Connection.php(185): mysqli->real_connect('localhost', 'root', '', 'drram', 3306, '', 0)
#1 D:\xamp\htdocs\dr\vendor\codeigniter4\framework\system\Database\BaseConnection.php(392): CodeIgniter\Database\MySQLi\Connection->connect(false)
#2 D:\xamp\htdocs\dr\vendor\codeigniter4\framework\system\Database\BaseConnection.php(575): CodeIgniter\Database\BaseConnection->initialize()
#3 D:\xamp\htdocs\dr\vendor\codeigniter4\framework\system\Database\BaseBuilder.php(1616): CodeIgniter\Database\BaseConnection->query('SELECT `value`\n...', Array, false)
#4 D:\xamp\htdocs\dr\app\Helpers\settings_helper.php(24): CodeIgniter\Database\BaseBuilder->get()
#5 D:\xamp\htdocs\dr\app\Config\Routes.php(23): getappdata('expertise')
#6 D:\xamp\htdocs\dr\vendor\codeigniter4\framework\system\Router\RouteCollection.php(779): CodeIgniter\Router\RouteCollection->Config\{closure}(Object(CodeIgniter\Router\RouteCollection))
#7 D:\xamp\htdocs\dr\app\Config\Routes.php(96): CodeIgniter\Router\RouteCollection->group('admin', Array, Object(Closure))
#8 D:\xamp\htdocs\dr\vendor\codeigniter4\framework\system\Router\RouteCollection.php(345): require('D:\\xamp\\htdocs\\...')
#9 D:\xamp\htdocs\dr\vendor\codeigniter4\framework\system\CodeIgniter.php(811): CodeIgniter\Router\RouteCollection->loadRoutes()
#10 D:\xamp\htdocs\dr\vendor\codeigniter4\framework\system\CodeIgniter.php(450): CodeIgniter\CodeIgniter->tryToRouteIt(NULL)
#11 D:\xamp\htdocs\dr\vendor\codeigniter4\framework\system\CodeIgniter.php(361): CodeIgniter\CodeIgniter->handleRequest(NULL, Object(Config\Cache), false)
#12 D:\xamp\htdocs\dr\index.php(79): CodeIgniter\CodeIgniter->run()
#13 {main}

Next CodeIgniter\Database\Exceptions\DatabaseException: No connection could be made because the target machine actively refused it in D:\xamp\htdocs\dr\vendor\codeigniter4\framework\system\Database\MySQLi\Connection.php:229
Stack trace:
#0 D:\xamp\htdocs\dr\vendor\codeigniter4\framework\system\Database\BaseConnection.php(392): CodeIgniter\Database\MySQLi\Connection->connect(false)
#1 D:\xamp\htdocs\dr\vendor\codeigniter4\framework\system\Database\BaseConnection.php(575): CodeIgniter\Database\BaseConnection->initialize()
#2 D:\xamp\htdocs\dr\vendor\codeigniter4\framework\system\Database\BaseBuilder.php(1616): CodeIgniter\Database\BaseConnection->query('SELECT `value`\n...', Array, false)
#3 D:\xamp\htdocs\dr\app\Helpers\settings_helper.php(24): CodeIgniter\Database\BaseBuilder->get()
#4 D:\xamp\htdocs\dr\app\Config\Routes.php(23): getappdata('expertise')
#5 D:\xamp\htdocs\dr\vendor\codeigniter4\framework\system\Router\RouteCollection.php(779): CodeIgniter\Router\RouteCollection->Config\{closure}(Object(CodeIgniter\Router\RouteCollection))
#6 D:\xamp\htdocs\dr\app\Config\Routes.php(96): CodeIgniter\Router\RouteCollection->group('admin', Array, Object(Closure))
#7 D:\xamp\htdocs\dr\vendor\codeigniter4\framework\system\Router\RouteCollection.php(345): require('D:\\xamp\\htdocs\\...')
#8 D:\xamp\htdocs\dr\vendor\codeigniter4\framework\system\CodeIgniter.php(811): CodeIgniter\Router\RouteCollection->loadRoutes()
#9 D:\xamp\htdocs\dr\vendor\codeigniter4\framework\system\CodeIgniter.php(450): CodeIgniter\CodeIgniter->tryToRouteIt(NULL)
#10 D:\xamp\htdocs\dr\vendor\codeigniter4\framework\system\CodeIgniter.php(361): CodeIgniter\CodeIgniter->handleRequest(NULL, Object(Config\Cache), false)
#11 D:\xamp\htdocs\dr\index.php(79): CodeIgniter\CodeIgniter->run()
#12 {main}
ERROR - 2026-04-18 04:59:17 --> Error connecting to the database: mysqli_sql_exception: No connection could be made because the target machine actively refused it in D:\xamp\htdocs\dr\vendor\codeigniter4\framework\system\Database\MySQLi\Connection.php:185
Stack trace:
#0 D:\xamp\htdocs\dr\vendor\codeigniter4\framework\system\Database\MySQLi\Connection.php(185): mysqli->real_connect('localhost', 'root', '', 'drram', 3306, '', 0)
#1 D:\xamp\htdocs\dr\vendor\codeigniter4\framework\system\Database\BaseConnection.php(392): CodeIgniter\Database\MySQLi\Connection->connect(false)
#2 D:\xamp\htdocs\dr\vendor\codeigniter4\framework\system\Database\BaseConnection.php(575): CodeIgniter\Database\BaseConnection->initialize()
#3 D:\xamp\htdocs\dr\vendor\codeigniter4\framework\system\Database\BaseBuilder.php(1616): CodeIgniter\Database\BaseConnection->query('SELECT `value`\n...', Array, false)
#4 D:\xamp\htdocs\dr\app\Helpers\settings_helper.php(24): CodeIgniter\Database\BaseBuilder->get()
#5 D:\xamp\htdocs\dr\app\Config\Routes.php(23): getappdata('expertise')
#6 D:\xamp\htdocs\dr\vendor\codeigniter4\framework\system\Router\RouteCollection.php(779): CodeIgniter\Router\RouteCollection->Config\{closure}(Object(CodeIgniter\Router\RouteCollection))
#7 D:\xamp\htdocs\dr\app\Config\Routes.php(96): CodeIgniter\Router\RouteCollection->group('admin', Array, Object(Closure))
#8 D:\xamp\htdocs\dr\vendor\codeigniter4\framework\system\Router\RouteCollection.php(345): require('D:\\xamp\\htdocs\\...')
#9 D:\xamp\htdocs\dr\vendor\codeigniter4\framework\system\CodeIgniter.php(811): CodeIgniter\Router\RouteCollection->loadRoutes()
#10 D:\xamp\htdocs\dr\vendor\codeigniter4\framework\system\CodeIgniter.php(450): CodeIgniter\CodeIgniter->tryToRouteIt(NULL)
#11 D:\xamp\htdocs\dr\vendor\codeigniter4\framework\system\CodeIgniter.php(361): CodeIgniter\CodeIgniter->handleRequest(NULL, Object(Config\Cache), false)
#12 D:\xamp\htdocs\dr\index.php(79): CodeIgniter\CodeIgniter->run()
#13 {main}

Next CodeIgniter\Database\Exceptions\DatabaseException: No connection could be made because the target machine actively refused it in D:\xamp\htdocs\dr\vendor\codeigniter4\framework\system\Database\MySQLi\Connection.php:229
Stack trace:
#0 D:\xamp\htdocs\dr\vendor\codeigniter4\framework\system\Database\BaseConnection.php(392): CodeIgniter\Database\MySQLi\Connection->connect(false)
#1 D:\xamp\htdocs\dr\vendor\codeigniter4\framework\system\Database\BaseConnection.php(575): CodeIgniter\Database\BaseConnection->initialize()
#2 D:\xamp\htdocs\dr\vendor\codeigniter4\framework\system\Database\BaseBuilder.php(1616): CodeIgniter\Database\BaseConnection->query('SELECT `value`\n...', Array, false)
#3 D:\xamp\htdocs\dr\app\Helpers\settings_helper.php(24): CodeIgniter\Database\BaseBuilder->get()
#4 D:\xamp\htdocs\dr\app\Config\Routes.php(23): getappdata('expertise')
#5 D:\xamp\htdocs\dr\vendor\codeigniter4\framework\system\Router\RouteCollection.php(779): CodeIgniter\Router\RouteCollection->Config\{closure}(Object(CodeIgniter\Router\RouteCollection))
#6 D:\xamp\htdocs\dr\app\Config\Routes.php(96): CodeIgniter\Router\RouteCollection->group('admin', Array, Object(Closure))
#7 D:\xamp\htdocs\dr\vendor\codeigniter4\framework\system\Router\RouteCollection.php(345): require('D:\\xamp\\htdocs\\...')
#8 D:\xamp\htdocs\dr\vendor\codeigniter4\framework\system\CodeIgniter.php(811): CodeIgniter\Router\RouteCollection->loadRoutes()
#9 D:\xamp\htdocs\dr\vendor\codeigniter4\framework\system\CodeIgniter.php(450): CodeIgniter\CodeIgniter->tryToRouteIt(NULL)
#10 D:\xamp\htdocs\dr\vendor\codeigniter4\framework\system\CodeIgniter.php(361): CodeIgniter\CodeIgniter->handleRequest(NULL, Object(Config\Cache), false)
#11 D:\xamp\htdocs\dr\index.php(79): CodeIgniter\CodeIgniter->run()
#12 {main}
CRITICAL - 2026-04-18 04:59:17 --> CodeIgniter\Database\Exceptions\DatabaseException: Unable to connect to the database.
Main connection [MySQLi]: No connection could be made because the target machine actively refused it
in SYSTEMPATH\Database\BaseConnection.php on line 428.
 1 SYSTEMPATH\Database\BaseConnection.php(575): CodeIgniter\Database\BaseConnection->initialize()
 2 SYSTEMPATH\Database\BaseBuilder.php(1616): CodeIgniter\Database\BaseConnection->query('SELECT `value`
FROM `app_settings`
WHERE `name` = :name:', [...], false)
 3 APPPATH\Helpers\settings_helper.php(24): CodeIgniter\Database\BaseBuilder->get()
 4 APPPATH\Config\Routes.php(23): getappdata('expertise')
 5 SYSTEMPATH\Router\RouteCollection.php(779): CodeIgniter\Router\RouteCollection->Config\{closure}(Object(CodeIgniter\Router\RouteCollection))
 6 APPPATH\Config\Routes.php(96): CodeIgniter\Router\RouteCollection->group('admin', [...], Object(Closure))
 7 SYSTEMPATH\Router\RouteCollection.php(345): require('D:\\xamp\\htdocs\\dr\\app\\Config\\Routes.php')
 8 SYSTEMPATH\CodeIgniter.php(811): CodeIgniter\Router\RouteCollection->loadRoutes()
 9 SYSTEMPATH\CodeIgniter.php(450): CodeIgniter\CodeIgniter->tryToRouteIt(null)
10 SYSTEMPATH\CodeIgniter.php(361): CodeIgniter\CodeIgniter->handleRequest(null, Object(Config\Cache), false)
11 FCPATH\index.php(79): CodeIgniter\CodeIgniter->run()
CRITICAL - 2026-04-18 04:59:17 --> CodeIgniter\Database\Exceptions\DatabaseException: Unable to connect to the database.
Main connection [MySQLi]: No connection could be made because the target machine actively refused it
in SYSTEMPATH\Database\BaseConnection.php on line 428.
 1 SYSTEMPATH\Database\BaseConnection.php(575): CodeIgniter\Database\BaseConnection->initialize()
 2 SYSTEMPATH\Database\BaseBuilder.php(1616): CodeIgniter\Database\BaseConnection->query('SELECT `value`
FROM `app_settings`
WHERE `name` = :name:', [...], false)
 3 APPPATH\Helpers\settings_helper.php(24): CodeIgniter\Database\BaseBuilder->get()
 4 APPPATH\Config\Routes.php(23): getappdata('expertise')
 5 SYSTEMPATH\Router\RouteCollection.php(779): CodeIgniter\Router\RouteCollection->Config\{closure}(Object(CodeIgniter\Router\RouteCollection))
 6 APPPATH\Config\Routes.php(96): CodeIgniter\Router\RouteCollection->group('admin', [...], Object(Closure))
 7 SYSTEMPATH\Router\RouteCollection.php(345): require('D:\\xamp\\htdocs\\dr\\app\\Config\\Routes.php')
 8 SYSTEMPATH\CodeIgniter.php(811): CodeIgniter\Router\RouteCollection->loadRoutes()
 9 SYSTEMPATH\CodeIgniter.php(450): CodeIgniter\CodeIgniter->tryToRouteIt(null)
10 SYSTEMPATH\CodeIgniter.php(361): CodeIgniter\CodeIgniter->handleRequest(null, Object(Config\Cache), false)
11 FCPATH\index.php(79): CodeIgniter\CodeIgniter->run()
ERROR - 2026-04-18 05:00:55 --> Error connecting to the database: mysqli_sql_exception: No connection could be made because the target machine actively refused it in D:\xamp\htdocs\dr\vendor\codeigniter4\framework\system\Database\MySQLi\Connection.php:185
Stack trace:
#0 D:\xamp\htdocs\dr\vendor\codeigniter4\framework\system\Database\MySQLi\Connection.php(185): mysqli->real_connect('localhost', 'root', '', 'drram', 3306, '', 0)
#1 D:\xamp\htdocs\dr\vendor\codeigniter4\framework\system\Database\BaseConnection.php(392): CodeIgniter\Database\MySQLi\Connection->connect(false)
#2 D:\xamp\htdocs\dr\vendor\codeigniter4\framework\system\Database\BaseConnection.php(575): CodeIgniter\Database\BaseConnection->initialize()
#3 D:\xamp\htdocs\dr\vendor\codeigniter4\framework\system\Database\BaseBuilder.php(1616): CodeIgniter\Database\BaseConnection->query('SELECT `value`\n...', Array, false)
#4 D:\xamp\htdocs\dr\app\Helpers\settings_helper.php(24): CodeIgniter\Database\BaseBuilder->get()
#5 D:\xamp\htdocs\dr\app\Config\Routes.php(23): getappdata('expertise')
#6 D:\xamp\htdocs\dr\vendor\codeigniter4\framework\system\Router\RouteCollection.php(779): CodeIgniter\Router\RouteCollection->Config\{closure}(Object(CodeIgniter\Router\RouteCollection))
#7 D:\xamp\htdocs\dr\app\Config\Routes.php(96): CodeIgniter\Router\RouteCollection->group('admin', Array, Object(Closure))
#8 D:\xamp\htdocs\dr\vendor\codeigniter4\framework\system\Router\RouteCollection.php(345): require('D:\\xamp\\htdocs\\...')
#9 D:\xamp\htdocs\dr\vendor\codeigniter4\framework\system\CodeIgniter.php(811): CodeIgniter\Router\RouteCollection->loadRoutes()
#10 D:\xamp\htdocs\dr\vendor\codeigniter4\framework\system\CodeIgniter.php(450): CodeIgniter\CodeIgniter->tryToRouteIt(NULL)
#11 D:\xamp\htdocs\dr\vendor\codeigniter4\framework\system\CodeIgniter.php(361): CodeIgniter\CodeIgniter->handleRequest(NULL, Object(Config\Cache), false)
#12 D:\xamp\htdocs\dr\index.php(79): CodeIgniter\CodeIgniter->run()
#13 {main}

Next CodeIgniter\Database\Exceptions\DatabaseException: No connection could be made because the target machine actively refused it in D:\xamp\htdocs\dr\vendor\codeigniter4\framework\system\Database\MySQLi\Connection.php:229
Stack trace:
#0 D:\xamp\htdocs\dr\vendor\codeigniter4\framework\system\Database\BaseConnection.php(392): CodeIgniter\Database\MySQLi\Connection->connect(false)
#1 D:\xamp\htdocs\dr\vendor\codeigniter4\framework\system\Database\BaseConnection.php(575): CodeIgniter\Database\BaseConnection->initialize()
#2 D:\xamp\htdocs\dr\vendor\codeigniter4\framework\system\Database\BaseBuilder.php(1616): CodeIgniter\Database\BaseConnection->query('SELECT `value`\n...', Array, false)
#3 D:\xamp\htdocs\dr\app\Helpers\settings_helper.php(24): CodeIgniter\Database\BaseBuilder->get()
#4 D:\xamp\htdocs\dr\app\Config\Routes.php(23): getappdata('expertise')
#5 D:\xamp\htdocs\dr\vendor\codeigniter4\framework\system\Router\RouteCollection.php(779): CodeIgniter\Router\RouteCollection->Config\{closure}(Object(CodeIgniter\Router\RouteCollection))
#6 D:\xamp\htdocs\dr\app\Config\Routes.php(96): CodeIgniter\Router\RouteCollection->group('admin', Array, Object(Closure))
#7 D:\xamp\htdocs\dr\vendor\codeigniter4\framework\system\Router\RouteCollection.php(345): require('D:\\xamp\\htdocs\\...')
#8 D:\xamp\htdocs\dr\vendor\codeigniter4\framework\system\CodeIgniter.php(811): CodeIgniter\Router\RouteCollection->loadRoutes()
#9 D:\xamp\htdocs\dr\vendor\codeigniter4\framework\system\CodeIgniter.php(450): CodeIgniter\CodeIgniter->tryToRouteIt(NULL)
#10 D:\xamp\htdocs\dr\vendor\codeigniter4\framework\system\CodeIgniter.php(361): CodeIgniter\CodeIgniter->handleRequest(NULL, Object(Config\Cache), false)
#11 D:\xamp\htdocs\dr\index.php(79): CodeIgniter\CodeIgniter->run()
#12 {main}
CRITICAL - 2026-04-18 05:00:55 --> CodeIgniter\Database\Exceptions\DatabaseException: Unable to connect to the database.
Main connection [MySQLi]: No connection could be made because the target machine actively refused it
in SYSTEMPATH\Database\BaseConnection.php on line 428.
 1 SYSTEMPATH\Database\BaseConnection.php(575): CodeIgniter\Database\BaseConnection->initialize()
 2 SYSTEMPATH\Database\BaseBuilder.php(1616): CodeIgniter\Database\BaseConnection->query('SELECT `value`
FROM `app_settings`
WHERE `name` = :name:', [...], false)
 3 APPPATH\Helpers\settings_helper.php(24): CodeIgniter\Database\BaseBuilder->get()
 4 APPPATH\Config\Routes.php(23): getappdata('expertise')
 5 SYSTEMPATH\Router\RouteCollection.php(779): CodeIgniter\Router\RouteCollection->Config\{closure}(Object(CodeIgniter\Router\RouteCollection))
 6 APPPATH\Config\Routes.php(96): CodeIgniter\Router\RouteCollection->group('admin', [...], Object(Closure))
 7 SYSTEMPATH\Router\RouteCollection.php(345): require('D:\\xamp\\htdocs\\dr\\app\\Config\\Routes.php')
 8 SYSTEMPATH\CodeIgniter.php(811): CodeIgniter\Router\RouteCollection->loadRoutes()
 9 SYSTEMPATH\CodeIgniter.php(450): CodeIgniter\CodeIgniter->tryToRouteIt(null)
10 SYSTEMPATH\CodeIgniter.php(361): CodeIgniter\CodeIgniter->handleRequest(null, Object(Config\Cache), false)
11 FCPATH\index.php(79): CodeIgniter\CodeIgniter->run()
INFO - 2026-04-18 05:59:20 --> Session: Class initialized using 'CodeIgniter\Session\Handlers\FileHandler' driver.
INFO - 2026-04-18 05:59:21 --> Session: Class initialized using 'CodeIgniter\Session\Handlers\FileHandler' driver.
INFO - 2026-04-18 06:05:08 --> Session: Class initialized using 'CodeIgniter\Session\Handlers\FileHandler' driver.
INFO - 2026-04-18 06:05:15 --> Session: Class initialized using 'CodeIgniter\Session\Handlers\FileHandler' driver.
INFO - 2026-04-18 06:06:58 --> Session: Class initialized using 'CodeIgniter\Session\Handlers\FileHandler' driver.
INFO - 2026-04-18 06:09:48 --> Session: Class initialized using 'CodeIgniter\Session\Handlers\FileHandler' driver.
INFO - 2026-04-18 06:09:48 --> Session: Class initialized using 'CodeIgniter\Session\Handlers\FileHandler' driver.
INFO - 2026-04-18 06:10:31 --> Session: Class initialized using 'CodeIgniter\Session\Handlers\FileHandler' driver.
INFO - 2026-04-18 06:10:31 --> Session: Class initialized using 'CodeIgniter\Session\Handlers\FileHandler' driver.
INFO - 2026-04-18 06:11:22 --> Session: Class initialized using 'CodeIgniter\Session\Handlers\FileHandler' driver.
INFO - 2026-04-18 06:16:02 --> Session: Class initialized using 'CodeIgniter\Session\Handlers\FileHandler' driver.
INFO - 2026-04-18 06:16:14 --> Session: Class initialized using 'CodeIgniter\Session\Handlers\FileHandler' driver.
INFO - 2026-04-18 06:17:40 --> Session: Class initialized using 'CodeIgniter\Session\Handlers\FileHandler' driver.
WARNING - 2026-04-18 06:17:40 --> [DEPRECATED] str_replace(): Passing null to parameter #3 ($subject) of type array|string is deprecated in APPPATH/Views/template/layout/main.php on line 369.
 1 APPPATH/Views/template/layout/main.php(369): str_replace('_', ' ', null)
 2 SYSTEMPATH/View/View.php(228): include('/home/u473669689/domains/jointfactory.org/public_html/2026/app/Views/template/layout/main.php')
 3 SYSTEMPATH/View/View.php(231): CodeIgniter\View\View->CodeIgniter\View\{closure}()
 4 SYSTEMPATH/View/View.php(244): CodeIgniter\View\View->render('template/layout/main', [], true)
 5 SYSTEMPATH/Common.php(1178): CodeIgniter\View\View->render('template/settings/index', [], true)
 6 APPPATH/Controllers/admin/SettingsController.php(22): view('template/settings/index', [...])
 7 SYSTEMPATH/CodeIgniter.php(943): App\Controllers\admin\SettingsController->index()
 8 SYSTEMPATH/CodeIgniter.php(503): CodeIgniter\CodeIgniter->runController(Object(App\Controllers\admin\SettingsController))
 9 SYSTEMPATH/CodeIgniter.php(361): CodeIgniter\CodeIgniter->handleRequest(null, Object(Config\Cache), false)
10 FCPATH/index.php(79): CodeIgniter\CodeIgniter->run()
INFO - 2026-04-18 06:17:47 --> Session: Class initialized using 'CodeIgniter\Session\Handlers\FileHandler' driver.
INFO - 2026-04-18 06:17:49 --> Session: Class initialized using 'CodeIgniter\Session\Handlers\FileHandler' driver.
WARNING - 2026-04-18 06:17:49 --> [DEPRECATED] str_replace(): Passing null to parameter #3 ($subject) of type array|string is deprecated in APPPATH/Views/template/layout/main.php on line 369.
 1 APPPATH/Views/template/layout/main.php(369): str_replace('_', ' ', null)
 2 SYSTEMPATH/View/View.php(228): include('/home/u473669689/domains/jointfactory.org/public_html/2026/app/Views/template/layout/main.php')
 3 SYSTEMPATH/View/View.php(231): CodeIgniter\View\View->CodeIgniter\View\{closure}()
 4 SYSTEMPATH/View/View.php(244): CodeIgniter\View\View->render('template/layout/main', [], true)
 5 SYSTEMPATH/Common.php(1178): CodeIgniter\View\View->render('template/settings/index', [], true)
 6 APPPATH/Controllers/admin/SettingsController.php(22): view('template/settings/index', [...])
 7 SYSTEMPATH/CodeIgniter.php(943): App\Controllers\admin\SettingsController->index()
 8 SYSTEMPATH/CodeIgniter.php(503): CodeIgniter\CodeIgniter->runController(Object(App\Controllers\admin\SettingsController))
 9 SYSTEMPATH/CodeIgniter.php(361): CodeIgniter\CodeIgniter->handleRequest(null, Object(Config\Cache), false)
10 FCPATH/index.php(79): CodeIgniter\CodeIgniter->run()
INFO - 2026-04-18 06:17:56 --> Session: Class initialized using 'CodeIgniter\Session\Handlers\FileHandler' driver.
WARNING - 2026-04-18 06:17:56 --> [DEPRECATED] str_replace(): Passing null to parameter #3 ($subject) of type array|string is deprecated in APPPATH/Views/template/layout/main.php on line 369.
 1 APPPATH/Views/template/layout/main.php(369): str_replace('_', ' ', null)
 2 SYSTEMPATH/View/View.php(228): include('/home/u473669689/domains/jointfactory.org/public_html/2026/app/Views/template/layout/main.php')
 3 SYSTEMPATH/View/View.php(231): CodeIgniter\View\View->CodeIgniter\View\{closure}()
 4 SYSTEMPATH/View/View.php(244): CodeIgniter\View\View->render('template/layout/main', [], true)
 5 SYSTEMPATH/Common.php(1178): CodeIgniter\View\View->render('admin/dashboard', [], true)
 6 APPPATH/Controllers/admin/AuthController.php(37): view('admin/dashboard', [...])
 7 SYSTEMPATH/CodeIgniter.php(943): App\Controllers\admin\AuthController->login()
 8 SYSTEMPATH/CodeIgniter.php(503): CodeIgniter\CodeIgniter->runController(Object(App\Controllers\admin\AuthController))
 9 SYSTEMPATH/CodeIgniter.php(361): CodeIgniter\CodeIgniter->handleRequest(null, Object(Config\Cache), false)
10 FCPATH/index.php(79): CodeIgniter\CodeIgniter->run()
INFO - 2026-04-18 06:17:58 --> Session: Class initialized using 'CodeIgniter\Session\Handlers\FileHandler' driver.
WARNING - 2026-04-18 06:17:58 --> [DEPRECATED] str_replace(): Passing null to parameter #3 ($subject) of type array|string is deprecated in APPPATH/Views/template/layout/main.php on line 369.
 1 APPPATH/Views/template/layout/main.php(369): str_replace('_', ' ', null)
 2 SYSTEMPATH/View/View.php(228): include('/home/u473669689/domains/jointfactory.org/public_html/2026/app/Views/template/layout/main.php')
 3 SYSTEMPATH/View/View.php(231): CodeIgniter\View\View->CodeIgniter\View\{closure}()
 4 SYSTEMPATH/View/View.php(244): CodeIgniter\View\View->render('template/layout/main', [], true)
 5 SYSTEMPATH/Common.php(1178): CodeIgniter\View\View->render('admin/services/index', [], true)
 6 APPPATH/Controllers/admin/ServiceController.php(35): view('admin/services/index', [...])
 7 SYSTEMPATH/CodeIgniter.php(943): App\Controllers\admin\ServiceController->index()
 8 SYSTEMPATH/CodeIgniter.php(503): CodeIgniter\CodeIgniter->runController(Object(App\Controllers\admin\ServiceController))
 9 SYSTEMPATH/CodeIgniter.php(361): CodeIgniter\CodeIgniter->handleRequest(null, Object(Config\Cache), false)
10 FCPATH/index.php(79): CodeIgniter\CodeIgniter->run()
INFO - 2026-04-18 06:17:58 --> Session: Class initialized using 'CodeIgniter\Session\Handlers\FileHandler' driver.
INFO - 2026-04-18 06:21:09 --> Session: Class initialized using 'CodeIgniter\Session\Handlers\FileHandler' driver.
INFO - 2026-04-18 06:21:10 --> Session: Class initialized using 'CodeIgniter\Session\Handlers\FileHandler' driver.
INFO - 2026-04-18 06:21:14 --> Session: Class initialized using 'CodeIgniter\Session\Handlers\FileHandler' driver.
INFO - 2026-04-18 06:21:16 --> Session: Class initialized using 'CodeIgniter\Session\Handlers\FileHandler' driver.
INFO - 2026-04-18 06:21:16 --> Session: Class initialized using 'CodeIgniter\Session\Handlers\FileHandler' driver.
INFO - 2026-04-18 06:22:33 --> Session: Class initialized using 'CodeIgniter\Session\Handlers\FileHandler' driver.
WARNING - 2026-04-18 06:22:33 --> [DEPRECATED] str_replace(): Passing null to parameter #3 ($subject) of type array|string is deprecated in APPPATH/Views/template/layout/main.php on line 369.
 1 APPPATH/Views/template/layout/main.php(369): str_replace('_', ' ', null)
 2 SYSTEMPATH/View/View.php(228): include('/home/u473669689/domains/jointfactory.org/public_html/2026/app/Views/template/layout/main.php')
 3 SYSTEMPATH/View/View.php(231): CodeIgniter\View\View->CodeIgniter\View\{closure}()
 4 SYSTEMPATH/View/View.php(244): CodeIgniter\View\View->render('template/layout/main', [], true)
 5 SYSTEMPATH/Common.php(1178): CodeIgniter\View\View->render('admin/dashboard', [], true)
 6 APPPATH/Controllers/admin/AuthController.php(37): view('admin/dashboard', [...])
 7 SYSTEMPATH/CodeIgniter.php(943): App\Controllers\admin\AuthController->login()
 8 SYSTEMPATH/CodeIgniter.php(503): CodeIgniter\CodeIgniter->runController(Object(App\Controllers\admin\AuthController))
 9 SYSTEMPATH/CodeIgniter.php(361): CodeIgniter\CodeIgniter->handleRequest(null, Object(Config\Cache), false)
10 FCPATH/index.php(79): CodeIgniter\CodeIgniter->run()
INFO - 2026-04-18 06:22:37 --> Session: Class initialized using 'CodeIgniter\Session\Handlers\FileHandler' driver.
WARNING - 2026-04-18 06:22:37 --> [DEPRECATED] str_replace(): Passing null to parameter #3 ($subject) of type array|string is deprecated in APPPATH/Views/template/layout/main.php on line 369.
 1 APPPATH/Views/template/layout/main.php(369): str_replace('_', ' ', null)
 2 SYSTEMPATH/View/View.php(228): include('/home/u473669689/domains/jointfactory.org/public_html/2026/app/Views/template/layout/main.php')
 3 SYSTEMPATH/View/View.php(231): CodeIgniter\View\View->CodeIgniter\View\{closure}()
 4 SYSTEMPATH/View/View.php(244): CodeIgniter\View\View->render('template/layout/main', [], true)
 5 SYSTEMPATH/Common.php(1178): CodeIgniter\View\View->render('template/settings/index', [], true)
 6 APPPATH/Controllers/admin/SettingsController.php(22): view('template/settings/index', [...])
 7 SYSTEMPATH/CodeIgniter.php(943): App\Controllers\admin\SettingsController->index()
 8 SYSTEMPATH/CodeIgniter.php(503): CodeIgniter\CodeIgniter->runController(Object(App\Controllers\admin\SettingsController))
 9 SYSTEMPATH/CodeIgniter.php(361): CodeIgniter\CodeIgniter->handleRequest(null, Object(Config\Cache), false)
10 FCPATH/index.php(79): CodeIgniter\CodeIgniter->run()
INFO - 2026-04-18 06:30:40 --> Session: Class initialized using 'CodeIgniter\Session\Handlers\FileHandler' driver.
WARNING - 2026-04-18 06:30:40 --> [DEPRECATED] str_replace(): Passing null to parameter #3 ($subject) of type array|string is deprecated in APPPATH/Views/template/layout/main.php on line 369.
 1 APPPATH/Views/template/layout/main.php(369): str_replace('_', ' ', null)
 2 SYSTEMPATH/View/View.php(228): include('/home/u473669689/domains/jointfactory.org/public_html/2026/app/Views/template/layout/main.php')
 3 SYSTEMPATH/View/View.php(231): CodeIgniter\View\View->CodeIgniter\View\{closure}()
 4 SYSTEMPATH/View/View.php(244): CodeIgniter\View\View->render('template/layout/main', [], true)
 5 SYSTEMPATH/Common.php(1178): CodeIgniter\View\View->render('admin/services/index', [], true)
 6 APPPATH/Controllers/admin/ServiceController.php(35): view('admin/services/index', [...])
 7 SYSTEMPATH/CodeIgniter.php(943): App\Controllers\admin\ServiceController->index()
 8 SYSTEMPATH/CodeIgniter.php(503): CodeIgniter\CodeIgniter->runController(Object(App\Controllers\admin\ServiceController))
 9 SYSTEMPATH/CodeIgniter.php(361): CodeIgniter\CodeIgniter->handleRequest(null, Object(Config\Cache), false)
10 FCPATH/index.php(79): CodeIgniter\CodeIgniter->run()
INFO - 2026-04-18 06:30:40 --> Session: Class initialized using 'CodeIgniter\Session\Handlers\FileHandler' driver.
INFO - 2026-04-18 06:30:48 --> Session: Class initialized using 'CodeIgniter\Session\Handlers\FileHandler' driver.
INFO - 2026-04-18 06:35:17 --> Session: Class initialized using 'CodeIgniter\Session\Handlers\FileHandler' driver.
INFO - 2026-04-18 06:44:58 --> Session: Class initialized using 'CodeIgniter\Session\Handlers\FileHandler' driver.
INFO - 2026-04-18 06:44:58 --> Session: Class initialized using 'CodeIgniter\Session\Handlers\FileHandler' driver.
